Build started 30/06/2026 10:07:14.
     1>Project "J:\Projects\M0rningStar\LilithPort\LilithPort.vcxproj" on node 2 (build target(s)).
     1>InitializeBuildStatus:
         Creating "Debug\MorningStar.unsuccessfulbuild" because "AlwaysCreate" was specified.
       GenerateTargetFrameworkMonikerAttribute:
       Skipping target "GenerateTargetFrameworkMonikerAttribute" because all output files are up-to-date with respect to the input files.
       ClCompile:
         All outputs are up-to-date.
         D:\Programs\Microsoft Visual Studio 10.0\VC\bin\CL.exe /c /AI"C:\Program Files (x86)\Reference Assemblies\Microsoft\Framework\.NETFramework\v4.0" /Zi /clr /nologo /W3 /WX- /Od /Oy- /D WIN32 /D _DEBUG /D _UNICODE /D UNICODE /EHa /MDd /GS /fp:precise /Zc:wchar_t /Zc:forScope /Yu"StdAfx.h" /Fp"Debug\MorningStar.pch" /Fo"Debug\\" /Fd"Debug\vc100.pdb" /TP /FU"C:\Program Files (x86)\Reference Assemblies\Microsoft\Framework\.NETFramework\v4.0\System.Core.dll" /FU"C:\Program Files (x86)\Reference Assemblies\Microsoft\Framework\.NETFramework\v4.0\System.Data.dll" /FU"C:\Program Files (x86)\Reference Assemblies\Microsoft\Framework\.NETFramework\v4.0\System.dll" /FU"C:\Program Files (x86)\Reference Assemblies\Microsoft\Framework\.NETFramework\v4.0\System.Drawing.dll" /FU"C:\Program Files (x86)\Reference Assemblies\Microsoft\Framework\.NETFramework\v4.0\System.Windows.Forms.dll" /FU"C:\Program Files (x86)\Reference Assemblies\Microsoft\Framework\.NETFramework\v4.0\System.Xml.dll" /analyze- /errorReport:prompt MorningStar.cpp /clr:nostdlib 
         MorningStar.cpp
         All outputs are up-to-date.
       CoreResGen:
         "C:\Program Files (x86)\Microsoft SDKs\Windows\v7.0A\bin\NETFX 4.0 Tools\resgen.exe" /useSourcePath /r:"C:\Program Files (x86)\Reference Assemblies\Microsoft\Framework\.NETFramework\v4.0\System.Core.dll" /r:"C:\Program Files (x86)\Reference Assemblies\Microsoft\Framework\.NETFramework\v4.0\System.Data.dll" /r:"C:\Program Files (x86)\Reference Assemblies\Microsoft\Framework\.NETFramework\v4.0\System.dll" /r:"C:\Program Files (x86)\Reference Assemblies\Microsoft\Framework\.NETFramework\v4.0\System.Drawing.dll" /r:"C:\Program Files (x86)\Reference Assemblies\Microsoft\Framework\.NETFramework\v4.0\System.Windows.Forms.dll" /r:"C:\Program Files (x86)\Reference Assemblies\Microsoft\Framework\.NETFramework\v4.0\System.Xml.dll" /compile MainForm.resX,Debug\LilithPort.MainForm.resources OptionForm.resx,Debug\LilithPort.OptionForm.resources StartupForm.resx,Debug\LilithPort.StartupForm.resources
         Processing resource file "MainForm.resX" into "Debug\LilithPort.MainForm.resources".
         Processing resource file "OptionForm.resx" into "Debug\LilithPort.OptionForm.resources".
         Processing resource file "StartupForm.resx" into "Debug\LilithPort.StartupForm.resources".
       ResourceCompile:
         All outputs are up-to-date.
       Link:
         D:\Programs\Microsoft Visual Studio 10.0\VC\bin\link.exe /ERRORREPORT:PROMPT /OUT:"J:\Projects\M0rningStar\Debug\MorningStar.exe" /INCREMENTAL /NOLOGO ws2_32.lib kernel32.lib user32.lib gdi32.lib winspool.lib comdlg32.lib advapi32.lib shell32.lib ole32.lib oleaut32.lib uuid.lib odbc32.lib odbccp32.lib /ASSEMBLYRESOURCE:Debug\LilithPort.MainForm.resources /ASSEMBLYRESOURCE:Debug\LilithPort.OptionForm.resources /ASSEMBLYRESOURCE:Debug\LilithPort.StartupForm.resources /MANIFEST /ManifestFile:"Debug\MorningStar.exe.intermediate.manifest" /MANIFESTUAC:NO /DEBUG /PDB:"J:\Projects\M0rningStar\Debug\MorningStar.pdb" /ASSEMBLYDEBUG /SUBSYSTEM:WINDOWS /TLBID:1 /ENTRY:"main" /DYNAMICBASE /FIXED:NO /NXCOMPAT /MACHINE:X86 Debug\app.res
         Debug\AssemblyInfo.obj
         Debug\MorningStar.obj
         Debug\MainForm.obj
         Debug\OptionForm.obj
         Debug\StartupForm.obj
         Debug\stdafx.obj
         "Debug\.NETFramework,Version=v4.0.AssemblyAttributes.obj"
         LilithPort.vcxproj -> J:\Projects\M0rningStar\Debug\MorningStar.exe
       Manifest:
         C:\Program Files (x86)\Microsoft SDKs\Windows\v7.0A\bin\mt.exe /nologo /verbose /outputresource:"J:\Projects\M0rningStar\Debug\MorningStar.exe;#1" /manifest Debug\MorningStar.exe.intermediate.manifest
       FinalizeBuildStatus:
         Deleting file "Debug\MorningStar.unsuccessfulbuild".
         Touching "Debug\MorningStar.lastbuildstate".
     1>Done Building Project "J:\Projects\M0rningStar\LilithPort\LilithPort.vcxproj" (build target(s)).

Build succeeded.

Time Elapsed 00:00:06.81
