Build started 28/06/2026 13:11:39.
     1>Project "J:\Projects\M0rningStar\LilithPort\LilithPort.vcxproj" on node 2 (build target(s)).
     1>InitializeBuildStatus:
         Creating "Release\LilithPort.unsuccessfulbuild" because "AlwaysCreate" was specified.
       GenerateTargetFrameworkMonikerAttribute:
       Skipping target "GenerateTargetFrameworkMonikerAttribute" because all output files are up-to-date with respect to the input files.
       ClCompile:
         All outputs are up-to-date.
         D:\Programs\Microsoft Visual Studio 10.0\VC\bin\CL.exe /c /AI"C:\Program Files (x86)\Reference Assemblies\Microsoft\Framework\.NETFramework\v4.0" /Zi /clr /nologo /W3 /WX- /O2 /Oy- /GL /D WIN32 /D NDEBUG /D _UNICODE /D UNICODE /EHa /MD /GS /fp:precise /Zc:wchar_t /Zc:forScope /Yu"StdAfx.h" /Fp"Release\MorningStar.pch" /Fo"Release\\" /Fd"Release\vc100.pdb" /TP /FU"C:\Program Files (x86)\Reference Assemblies\Microsoft\Framework\.NETFramework\v4.0\System.Core.dll" /FU"C:\Program Files (x86)\Reference Assemblies\Microsoft\Framework\.NETFramework\v4.0\System.Data.dll" /FU"C:\Program Files (x86)\Reference Assemblies\Microsoft\Framework\.NETFramework\v4.0\System.dll" /FU"C:\Program Files (x86)\Reference Assemblies\Microsoft\Framework\.NETFramework\v4.0\System.Drawing.dll" /FU"C:\Program Files (x86)\Reference Assemblies\Microsoft\Framework\.NETFramework\v4.0\System.Windows.Forms.dll" /FU"C:\Program Files (x86)\Reference Assemblies\Microsoft\Framework\.NETFramework\v4.0\System.Xml.dll" /analyze- /errorReport:prompt LilithPort.cpp MainForm.cpp OptionForm.cpp StartupForm.cpp /clr:nostdlib 
         LilithPort.cpp
         MainForm.cpp
     1>MainForm.cpp(324): warning C4101: 'ex' : unreferenced local variable
     1>MainForm.cpp(332): warning C4101: 'ex' : unreferenced local variable
     1>MainForm.cpp(1263): warning C4566: character represented by universal-character-name '\uFF12' cannot be represented in the current code page (1252)
     1>MainForm.cpp(1263): warning C4566: character represented by universal-character-name '\uFF24' cannot be represented in the current code page (1252)
     1>MainForm.cpp(1263): warning C4566: character represented by universal-character-name '\u683C' cannot be represented in the current code page (1252)
     1>MainForm.cpp(1263): warning C4566: character represented by universal-character-name '\u95D8' cannot be represented in the current code page (1252)
     1>MainForm.cpp(1263): warning C4566: character represented by universal-character-name '\u30C4' cannot be represented in the current code page (1252)
     1>MainForm.cpp(1263): warning C4566: character represented by universal-character-name '\u30AF' cannot be represented in the current code page (1252)
     1>MainForm.cpp(1263): warning C4566: character represented by universal-character-name '\u30FC' cannot be represented in the current code page (1252)
     1>MainForm.cpp(1263): warning C4566: character represented by universal-character-name '\u30EB' cannot be represented in the current code page (1252)
     1>MainForm.cpp(1263): warning C4566: character represented by universal-character-name '\uFF12' cannot be represented in the current code page (1252)
     1>MainForm.cpp(1263): warning C4566: character represented by universal-character-name '\uFF24' cannot be represented in the current code page (1252)
     1>MainForm.cpp(1263): warning C4566: character represented by universal-character-name '\u683C' cannot be represented in the current code page (1252)
     1>MainForm.cpp(1263): warning C4566: character represented by universal-character-name '\u95D8' cannot be represented in the current code page (1252)
     1>MainForm.cpp(1263): warning C4566: character represented by universal-character-name '\u30C4' cannot be represented in the current code page (1252)
     1>MainForm.cpp(1263): warning C4566: character represented by universal-character-name '\u30AF' cannot be represented in the current code page (1252)
     1>MainForm.cpp(1263): warning C4566: character represented by universal-character-name '\u30FC' cannot be represented in the current code page (1252)
     1>MainForm.cpp(1263): warning C4566: character represented by universal-character-name '\u30EB' cannot be represented in the current code page (1252)
     1>MainForm.cpp(1263): warning C4566: character represented by universal-character-name '\uFF19' cannot be represented in the current code page (1252)
     1>MainForm.cpp(1263): warning C4566: character represented by universal-character-name '\uFF15' cannot be represented in the current code page (1252)
     1>MainForm.cpp(596): warning C4101: 'ex' : unreferenced local variable
     1>MainForm.cpp(604): warning C4101: 'ex' : unreferenced local variable
     1>MainForm.cpp(901): warning C4101: 'ex' : unreferenced local variable
     1>MainForm.cpp(908): warning C4101: 'ex' : unreferenced local variable
         OptionForm.cpp
     1>OptionForm.cpp(14): warning C4566: character represented by universal-character-name '\uFF12' cannot be represented in the current code page (1252)
     1>OptionForm.cpp(14): warning C4566: character represented by universal-character-name '\uFF24' cannot be represented in the current code page (1252)
     1>OptionForm.cpp(14): warning C4566: character represented by universal-character-name '\u683C' cannot be represented in the current code page (1252)
     1>OptionForm.cpp(14): warning C4566: character represented by universal-character-name '\u95D8' cannot be represented in the current code page (1252)
     1>OptionForm.cpp(14): warning C4566: character represented by universal-character-name '\u30C4' cannot be represented in the current code page (1252)
     1>OptionForm.cpp(14): warning C4566: character represented by universal-character-name '\u30AF' cannot be represented in the current code page (1252)
     1>OptionForm.cpp(14): warning C4566: character represented by universal-character-name '\u30FC' cannot be represented in the current code page (1252)
     1>OptionForm.cpp(14): warning C4566: character represented by universal-character-name '\u30EB' cannot be represented in the current code page (1252)
     1>OptionForm.cpp(14): warning C4566: character represented by universal-character-name '\uFF12' cannot be represented in the current code page (1252)
     1>OptionForm.cpp(14): warning C4566: character represented by universal-character-name '\uFF24' cannot be represented in the current code page (1252)
     1>OptionForm.cpp(14): warning C4566: character represented by universal-character-name '\u683C' cannot be represented in the current code page (1252)
     1>OptionForm.cpp(14): warning C4566: character represented by universal-character-name '\u95D8' cannot be represented in the current code page (1252)
     1>OptionForm.cpp(14): warning C4566: character represented by universal-character-name '\u30C4' cannot be represented in the current code page (1252)
     1>OptionForm.cpp(14): warning C4566: character represented by universal-character-name '\u30AF' cannot be represented in the current code page (1252)
     1>OptionForm.cpp(14): warning C4566: character represented by universal-character-name '\u30FC' cannot be represented in the current code page (1252)
     1>OptionForm.cpp(14): warning C4566: character represented by universal-character-name '\u30EB' cannot be represented in the current code page (1252)
     1>OptionForm.cpp(14): warning C4566: character represented by universal-character-name '\uFF19' cannot be represented in the current code page (1252)
     1>OptionForm.cpp(14): warning C4566: character represented by universal-character-name '\uFF15' cannot be represented in the current code page (1252)
         StartupForm.cpp
         Generating Code...
         All outputs are up-to-date.
       CoreResGen:
         "C:\Program Files (x86)\Microsoft SDKs\Windows\v7.0A\bin\NETFX 4.0 Tools\resgen.exe" /useSourcePath /r:"C:\Program Files (x86)\Reference Assemblies\Microsoft\Framework\.NETFramework\v4.0\System.Core.dll" /r:"C:\Program Files (x86)\Reference Assemblies\Microsoft\Framework\.NETFramework\v4.0\System.Data.dll" /r:"C:\Program Files (x86)\Reference Assemblies\Microsoft\Framework\.NETFramework\v4.0\System.dll" /r:"C:\Program Files (x86)\Reference Assemblies\Microsoft\Framework\.NETFramework\v4.0\System.Drawing.dll" /r:"C:\Program Files (x86)\Reference Assemblies\Microsoft\Framework\.NETFramework\v4.0\System.Windows.Forms.dll" /r:"C:\Program Files (x86)\Reference Assemblies\Microsoft\Framework\.NETFramework\v4.0\System.Xml.dll" /compile MainForm.resX,Release\LilithPort.MainForm.resources
         Processing resource file "MainForm.resX" into "Release\LilithPort.MainForm.resources".
       ResourceCompile:
         All outputs are up-to-date.
       Link:
         D:\Programs\Microsoft Visual Studio 10.0\VC\bin\link.exe /ERRORREPORT:PROMPT /OUT:"J:\Projects\M0rningStar\Release\MorningStar.exe" /INCREMENTAL:NO /NOLOGO ws2_32.lib kernel32.lib user32.lib gdi32.lib winspool.lib comdlg32.lib advapi32.lib shell32.lib ole32.lib oleaut32.lib uuid.lib odbc32.lib odbccp32.lib /ASSEMBLYRESOURCE:Release\LilithPort.MainForm.resources /ASSEMBLYRESOURCE:Release\LilithPort.OptionForm.resources /ASSEMBLYRESOURCE:Release\LilithPort.StartupForm.resources /MANIFEST /ManifestFile:"Release\MorningStar.exe.intermediate.manifest" /MANIFESTUAC:NO /DEBUG /PDB:"J:\Projects\M0rningStar\Release\MorningStar.pdb" /SUBSYSTEM:WINDOWS /LTCG /TLBID:1 /ENTRY:"main" /DYNAMICBASE /FIXED:NO /NXCOMPAT /MACHINE:X86 Release\app.res
         Release\AssemblyInfo.obj
         Release\LilithPort.obj
         Release\MainForm.obj
         Release\OptionForm.obj
         Release\StartupForm.obj
         Release\stdafx.obj
         "Release\.NETFramework,Version=v4.0.AssemblyAttributes.obj"
         LINK : /LTCG specified but no code generation required; remove /LTCG from the link command line to improve linker performance
         LilithPort.vcxproj -> J:\Projects\M0rningStar\Release\MorningStar.exe
       Manifest:
         C:\Program Files (x86)\Microsoft SDKs\Windows\v7.0A\bin\mt.exe /nologo /verbose /outputresource:"J:\Projects\M0rningStar\Release\MorningStar.exe;#1" /manifest Release\MorningStar.exe.intermediate.manifest
       FinalizeBuildStatus:
         Deleting file "Release\LilithPort.unsuccessfulbuild".
         Touching "Release\LilithPort.lastbuildstate".
     1>Done Building Project "J:\Projects\M0rningStar\LilithPort\LilithPort.vcxproj" (build target(s)).

Build succeeded.

Time Elapsed 00:00:12.63
